<?xml version="1.0" encoding="UTF-8"?>
<coverage generated="1742909927540" clover="3.2.0">
  <project timestamp="1742909927540" name="All files">
    <metrics statements="59" coveredstatements="59" conditionals="198" coveredconditionals="192" methods="7" coveredmethods="7" elements="264" coveredelements="258" complexity="0" loc="59" ncloc="59" packages="2" files="2" classes="2"/>
    <package name="config">
      <metrics statements="7" coveredstatements="7" conditionals="18" coveredconditionals="18" methods="0" coveredmethods="0"/>
      <file name="config.ts" path="C:\git\Ecommerce-Group3OpenSource\src\config\config.ts">
        <metrics statements="7" coveredstatements="7" conditionals="18" coveredconditionals="18" methods="0" coveredmethods="0"/>
        <line num="1" count="4" type="stmt"/>
        <line num="3" count="4" type="stmt"/>
        <line num="9" count="4" type="cond" truecount="4" falsecount="0"/>
        <line num="10" count="4" type="cond" truecount="4" falsecount="0"/>
        <line num="11" count="4" type="cond" truecount="4" falsecount="0"/>
        <line num="12" count="4" type="cond" truecount="4" falsecount="0"/>
        <line num="21" count="4" type="stmt"/>
      </file>
    </package>
    <package name="controllers">
      <metrics statements="52" coveredstatements="52" conditionals="180" coveredconditionals="174" methods="7" coveredmethods="7"/>
      <file name="userController.ts" path="C:\git\Ecommerce-Group3OpenSource\src\controllers\userController.ts">
        <metrics statements="52" coveredstatements="52" conditionals="180" coveredconditionals="174" methods="7" coveredmethods="7"/>
        <line num="2" count="1" type="stmt"/>
        <line num="3" count="1" type="stmt"/>
        <line num="4" count="1" type="stmt"/>
        <line num="36" count="1" type="stmt"/>
        <line num="38" count="26" type="stmt"/>
        <line num="47" count="4" type="stmt"/>
        <line num="48" count="4" type="cond" truecount="1" falsecount="0"/>
        <line num="49" count="1" type="stmt"/>
        <line num="50" count="1" type="stmt"/>
        <line num="53" count="3" type="stmt"/>
        <line num="55" count="3" type="stmt"/>
        <line num="60" count="1" type="stmt"/>
        <line num="63" count="2" type="stmt"/>
        <line num="68" count="2" type="cond" truecount="6" falsecount="0"/>
        <line num="83" count="5" type="stmt"/>
        <line num="84" count="5" type="cond" truecount="1" falsecount="0"/>
        <line num="85" count="1" type="stmt"/>
        <line num="86" count="1" type="stmt"/>
        <line num="89" count="4" type="stmt"/>
        <line num="91" count="4" type="stmt"/>
        <line num="96" count="1" type="stmt"/>
        <line num="99" count="3" type="stmt"/>
        <line num="104" count="3" type="cond" truecount="6" falsecount="0"/>
        <line num="117" count="5" type="stmt"/>
        <line num="119" count="5" type="cond" truecount="7" falsecount="0"/>
        <line num="120" count="2" type="stmt"/>
        <line num="121" count="2" type="stmt"/>
        <line num="124" count="3" type="stmt"/>
        <line num="127" count="1" type="stmt"/>
        <line num="129" count="2" type="stmt"/>
        <line num="133" count="2" type="cond" truecount="6" falsecount="0"/>
        <line num="143" count="1" type="stmt"/>
        <line num="153" count="5" type="stmt"/>
        <line num="154" count="5" type="cond" truecount="1" falsecount="0"/>
        <line num="155" count="1" type="stmt"/>
        <line num="156" count="1" type="stmt"/>
        <line num="159" count="4" type="stmt"/>
        <line num="161" count="4" type="stmt"/>
        <line num="166" count="3" type="cond" truecount="5" falsecount="0"/>
        <line num="167" count="2" type="stmt"/>
        <line num="168" count="2" type="stmt"/>
        <line num="171" count="1" type="stmt"/>
        <line num="177" count="1" type="stmt"/>
        <line num="182" count="1" type="cond" truecount="5" falsecount="1"/>
        <line num="197" count="6" type="stmt"/>
        <line num="199" count="6" type="cond" truecount="5" falsecount="0"/>
        <line num="200" count="2" type="stmt"/>
        <line num="201" count="2" type="stmt"/>
        <line num="204" count="4" type="stmt"/>
        <line num="208" count="1" type="stmt"/>
        <line num="211" count="3" type="stmt"/>
        <line num="216" count="3" type="cond" truecount="6" falsecount="0"/>
      </file>
    </package>
  </project>
</coverage>
