{"C:\\git\\Ecommerce-Group3OpenSource\\src\\config\\config.ts": {"path":"C:\\git\\Ecommerce-Group3OpenSource\\src\\config\\config.ts","statementMap":{"0":{"start":{"line":1,"column":0},"end":{"line":1,"column":33}},"1":{"start":{"line":3,"column":0},"end":{"line":7,"column":3}},"2":{"start":{"line":9,"column":20},"end":{"line":9,"column":57}},"3":{"start":{"line":10,"column":19},"end":{"line":10,"column":61}},"4":{"start":{"line":11,"column":24},"end":{"line":11,"column":78}},"5":{"start":{"line":12,"column":13},"end":{"line":12,"column":39}},"6":{"start":{"line":21,"column":13},"end":{"line":26,"column":2}}},"fnMap":{},"branchMap":{"0":{"loc":{"start":{"line":5,"column":15},"end":{"line":5,"column":46}},"type":"binary-expr","locations":[{"start":{"line":5,"column":15},"end":{"line":5,"column":35}},{"start":{"line":5,"column":39},"end":{"line":5,"column":46}}]},"1":{"loc":{"start":{"line":9,"column":20},"end":{"line":9,"column":57}},"type":"cond-expr","locations":[{"start":{"line":9,"column":40},"end":{"line":9,"column":44}},{"start":{"line":9,"column":44},"end":{"line":9,"column":57}}]},"2":{"loc":{"start":{"line":9,"column":20},"end":{"line":9,"column":44}},"type":"binary-expr","locations":[{"start":{"line":9,"column":20},"end":{"line":9,"column":44}},{"start":{"line":9,"column":40},"end":{"line":9,"column":44}}]},"3":{"loc":{"start":{"line":10,"column":19},"end":{"line":10,"column":61}},"type":"cond-expr","locations":[{"start":{"line":10,"column":41},"end":{"line":10,"column":45}},{"start":{"line":10,"column":45},"end":{"line":10,"column":61}}]},"4":{"loc":{"start":{"line":10,"column":19},"end":{"line":10,"column":45}},"type":"binary-expr","locations":[{"start":{"line":10,"column":19},"end":{"line":10,"column":45}},{"start":{"line":10,"column":41},"end":{"line":10,"column":45}}]},"5":{"loc":{"start":{"line":11,"column":24},"end":{"line":11,"column":78}},"type":"cond-expr","locations":[{"start":{"line":11,"column":51},"end":{"line":11,"column":55}},{"start":{"line":11,"column":55},"end":{"line":11,"column":78}}]},"6":{"loc":{"start":{"line":11,"column":24},"end":{"line":11,"column":55}},"type":"binary-expr","locations":[{"start":{"line":11,"column":24},"end":{"line":11,"column":55}},{"start":{"line":11,"column":51},"end":{"line":11,"column":55}}]},"7":{"loc":{"start":{"line":12,"column":13},"end":{"line":12,"column":39}},"type":"cond-expr","locations":[{"start":{"line":12,"column":29},"end":{"line":12,"column":33}},{"start":{"line":12,"column":33},"end":{"line":12,"column":39}}]},"8":{"loc":{"start":{"line":12,"column":13},"end":{"line":12,"column":33}},"type":"binary-expr","locations":[{"start":{"line":12,"column":13},"end":{"line":12,"column":33}},{"start":{"line":12,"column":29},"end":{"line":12,"column":33}}]}},"s":{"0":4,"1":4,"2":4,"3":4,"4":4,"5":4,"6":4},"f":{},"b":{"0":[4,1],"1":[3,1],"2":[4,4],"3":[2,2],"4":[4,4],"5":[2,2],"6":[4,4],"7":[2,2],"8":[4,4]}}
,"C:\\git\\Ecommerce-Group3OpenSource\\src\\controllers\\userController.ts": {"path":"C:\\git\\Ecommerce-Group3OpenSource\\src\\controllers\\userController.ts","statementMap":{"0":{"start":{"line":2,"column":0},"end":{"line":2,"column":53}},"1":{"start":{"line":3,"column":0},"end":{"line":3,"column":26}},"2":{"start":{"line":4,"column":0},"end":{"line":4,"column":42}},"3":{"start":{"line":38,"column":18},"end":{"line":38,"column":55}},"4":{"start":{"line":47,"column":17},"end":{"line":47,"column":38}},"5":{"start":{"line":48,"column":2},"end":{"line":51,"column":3}},"6":{"start":{"line":49,"column":3},"end":{"line":49,"column":52}},"7":{"start":{"line":50,"column":3},"end":{"line":50,"column":10}},"8":{"start":{"line":53,"column":2},"end":{"line":73,"column":3}},"9":{"start":{"line":55,"column":20},"end":{"line":57,"column":null}},"10":{"start":{"line":60,"column":3},"end":{"line":60,"column":39}},"11":{"start":{"line":63,"column":3},"end":{"line":66,"column":5}},"12":{"start":{"line":68,"column":3},"end":{"line":72,"column":6}},"13":{"start":{"line":83,"column":17},"end":{"line":83,"column":38}},"14":{"start":{"line":84,"column":2},"end":{"line":87,"column":3}},"15":{"start":{"line":85,"column":3},"end":{"line":85,"column":52}},"16":{"start":{"line":86,"column":3},"end":{"line":86,"column":10}},"17":{"start":{"line":89,"column":2},"end":{"line":108,"column":3}},"18":{"start":{"line":91,"column":20},"end":{"line":93,"column":null}},"19":{"start":{"line":96,"column":3},"end":{"line":96,"column":39}},"20":{"start":{"line":99,"column":3},"end":{"line":102,"column":5}},"21":{"start":{"line":104,"column":3},"end":{"line":107,"column":6}},"22":{"start":{"line":117,"column":2},"end":{"line":137,"column":3}},"23":{"start":{"line":119,"column":3},"end":{"line":122,"column":4}},"24":{"start":{"line":120,"column":4},"end":{"line":120,"column":54}},"25":{"start":{"line":121,"column":4},"end":{"line":121,"column":11}},"26":{"start":{"line":124,"column":20},"end":{"line":125,"column":null}},"27":{"start":{"line":127,"column":3},"end":{"line":127,"column":39}},"28":{"start":{"line":129,"column":3},"end":{"line":132,"column":5}},"29":{"start":{"line":133,"column":3},"end":{"line":136,"column":6}},"30":{"start":{"line":143,"column":2},"end":{"line":143,"column":68}},"31":{"start":{"line":153,"column":17},"end":{"line":153,"column":38}},"32":{"start":{"line":154,"column":2},"end":{"line":157,"column":3}},"33":{"start":{"line":155,"column":3},"end":{"line":155,"column":52}},"34":{"start":{"line":156,"column":3},"end":{"line":156,"column":10}},"35":{"start":{"line":159,"column":2},"end":{"line":188,"column":3}},"36":{"start":{"line":161,"column":20},"end":{"line":163,"column":null}},"37":{"start":{"line":166,"column":3},"end":{"line":169,"column":4}},"38":{"start":{"line":167,"column":4},"end":{"line":167,"column":54}},"39":{"start":{"line":168,"column":4},"end":{"line":168,"column":11}},"40":{"start":{"line":171,"column":3},"end":{"line":174,"column":6}},"41":{"start":{"line":177,"column":3},"end":{"line":180,"column":5}},"42":{"start":{"line":182,"column":3},"end":{"line":187,"column":6}},"43":{"start":{"line":197,"column":2},"end":{"line":221,"column":3}},"44":{"start":{"line":199,"column":3},"end":{"line":202,"column":4}},"45":{"start":{"line":200,"column":4},"end":{"line":200,"column":54}},"46":{"start":{"line":201,"column":4},"end":{"line":201,"column":11}},"47":{"start":{"line":204,"column":20},"end":{"line":205,"column":null}},"48":{"start":{"line":208,"column":3},"end":{"line":208,"column":39}},"49":{"start":{"line":211,"column":3},"end":{"line":214,"column":5}},"50":{"start":{"line":216,"column":3},"end":{"line":220,"column":6}},"51":{"start":{"line":36,"column":0},"end":{"line":36,"column":13}}},"fnMap":{"0":{"name":"(anonymous_8)","decl":{"start":{"line":36,"column":0},"end":{"line":36,"column":13}},"loc":{"start":{"line":36,"column":0},"end":{"line":223,"column":1}}},"1":{"name":"(anonymous_9)","decl":{"start":{"line":41,"column":14},"end":{"line":41,"column":22}},"loc":{"start":{"line":44,"column":20},"end":{"line":74,"column":null}}},"2":{"name":"(anonymous_11)","decl":{"start":{"line":77,"column":7},"end":{"line":77,"column":12}},"loc":{"start":{"line":80,"column":20},"end":{"line":109,"column":null}}},"3":{"name":"(anonymous_13)","decl":{"start":{"line":112,"column":7},"end":{"line":112,"column":18}},"loc":{"start":{"line":115,"column":20},"end":{"line":138,"column":null}}},"4":{"name":"(anonymous_15)","decl":{"start":{"line":141,"column":8},"end":{"line":141,"column":14}},"loc":{"start":{"line":141,"column":62},"end":{"line":144,"column":2}}},"5":{"name":"(anonymous_16)","decl":{"start":{"line":147,"column":7},"end":{"line":147,"column":25}},"loc":{"start":{"line":150,"column":20},"end":{"line":189,"column":null}}},"6":{"name":"(anonymous_18)","decl":{"start":{"line":192,"column":7},"end":{"line":192,"column":20}},"loc":{"start":{"line":195,"column":20},"end":{"line":222,"column":null}}}},"branchMap":{"0":{"loc":{"start":{"line":48,"column":2},"end":{"line":51,"column":3}},"type":"if","locations":[{"start":{"line":48,"column":2},"end":{"line":51,"column":3}}]},"1":{"loc":{"start":{"line":65,"column":4},"end":{"line":65,"column":41}},"type":"binary-expr","locations":[{"start":{"line":65,"column":4},"end":{"line":65,"column":24}},{"start":{"line":65,"column":28},"end":{"line":65,"column":41}}]},"2":{"loc":{"start":{"line":65,"column":4},"end":{"line":65,"column":24}},"type":"cond-expr","locations":[{"start":{"line":65,"column":18},"end":{"line":65,"column":20}},{"start":{"line":65,"column":18},"end":{"line":65,"column":24}}]},"3":{"loc":{"start":{"line":65,"column":4},"end":{"line":65,"column":20}},"type":"binary-expr","locations":[{"start":{"line":65,"column":4},"end":{"line":65,"column":20}},{"start":{"line":65,"column":18},"end":{"line":65,"column":20}}]},"4":{"loc":{"start":{"line":68,"column":14},"end":{"line":68,"column":43}},"type":"binary-expr","locations":[{"start":{"line":68,"column":14},"end":{"line":68,"column":36}},{"start":{"line":68,"column":40},"end":{"line":68,"column":43}}]},"5":{"loc":{"start":{"line":68,"column":14},"end":{"line":68,"column":36}},"type":"cond-expr","locations":[{"start":{"line":68,"column":28},"end":{"line":68,"column":30}},{"start":{"line":68,"column":28},"end":{"line":68,"column":36}}]},"6":{"loc":{"start":{"line":68,"column":14},"end":{"line":68,"column":30}},"type":"binary-expr","locations":[{"start":{"line":68,"column":14},"end":{"line":68,"column":30}},{"start":{"line":68,"column":28},"end":{"line":68,"column":30}}]},"7":{"loc":{"start":{"line":70,"column":5},"end":{"line":70,"column":62}},"type":"binary-expr","locations":[{"start":{"line":70,"column":5},"end":{"line":70,"column":34}},{"start":{"line":70,"column":38},"end":{"line":70,"column":62}}]},"8":{"loc":{"start":{"line":70,"column":5},"end":{"line":70,"column":34}},"type":"cond-expr","locations":[{"start":{"line":70,"column":25},"end":{"line":70,"column":27}},{"start":{"line":70,"column":25},"end":{"line":70,"column":34}}]},"9":{"loc":{"start":{"line":70,"column":5},"end":{"line":70,"column":27}},"type":"binary-expr","locations":[{"start":{"line":70,"column":5},"end":{"line":70,"column":27}},{"start":{"line":70,"column":25},"end":{"line":70,"column":27}}]},"10":{"loc":{"start":{"line":70,"column":5},"end":{"line":70,"column":25}},"type":"cond-expr","locations":[{"start":{"line":70,"column":19},"end":{"line":70,"column":21}},{"start":{"line":70,"column":19},"end":{"line":70,"column":25}}]},"11":{"loc":{"start":{"line":70,"column":5},"end":{"line":70,"column":21}},"type":"binary-expr","locations":[{"start":{"line":70,"column":5},"end":{"line":70,"column":21}},{"start":{"line":70,"column":19},"end":{"line":70,"column":21}}]},"12":{"loc":{"start":{"line":71,"column":11},"end":{"line":71,"column":56}},"type":"binary-expr","locations":[{"start":{"line":71,"column":11},"end":{"line":71,"column":39}},{"start":{"line":71,"column":43},"end":{"line":71,"column":56}}]},"13":{"loc":{"start":{"line":71,"column":11},"end":{"line":71,"column":39}},"type":"cond-expr","locations":[{"start":{"line":71,"column":31},"end":{"line":71,"column":33}},{"start":{"line":71,"column":31},"end":{"line":71,"column":39}}]},"14":{"loc":{"start":{"line":71,"column":11},"end":{"line":71,"column":33}},"type":"binary-expr","locations":[{"start":{"line":71,"column":11},"end":{"line":71,"column":33}},{"start":{"line":71,"column":31},"end":{"line":71,"column":33}}]},"15":{"loc":{"start":{"line":71,"column":11},"end":{"line":71,"column":31}},"type":"cond-expr","locations":[{"start":{"line":71,"column":25},"end":{"line":71,"column":27}},{"start":{"line":71,"column":25},"end":{"line":71,"column":31}}]},"16":{"loc":{"start":{"line":71,"column":11},"end":{"line":71,"column":27}},"type":"binary-expr","locations":[{"start":{"line":71,"column":11},"end":{"line":71,"column":27}},{"start":{"line":71,"column":25},"end":{"line":71,"column":27}}]},"17":{"loc":{"start":{"line":84,"column":2},"end":{"line":87,"column":3}},"type":"if","locations":[{"start":{"line":84,"column":2},"end":{"line":87,"column":3}}]},"18":{"loc":{"start":{"line":101,"column":4},"end":{"line":101,"column":41}},"type":"binary-expr","locations":[{"start":{"line":101,"column":4},"end":{"line":101,"column":24}},{"start":{"line":101,"column":28},"end":{"line":101,"column":41}}]},"19":{"loc":{"start":{"line":101,"column":4},"end":{"line":101,"column":24}},"type":"cond-expr","locations":[{"start":{"line":101,"column":18},"end":{"line":101,"column":20}},{"start":{"line":101,"column":18},"end":{"line":101,"column":24}}]},"20":{"loc":{"start":{"line":101,"column":4},"end":{"line":101,"column":20}},"type":"binary-expr","locations":[{"start":{"line":101,"column":4},"end":{"line":101,"column":20}},{"start":{"line":101,"column":18},"end":{"line":101,"column":20}}]},"21":{"loc":{"start":{"line":104,"column":14},"end":{"line":104,"column":43}},"type":"binary-expr","locations":[{"start":{"line":104,"column":14},"end":{"line":104,"column":36}},{"start":{"line":104,"column":40},"end":{"line":104,"column":43}}]},"22":{"loc":{"start":{"line":104,"column":14},"end":{"line":104,"column":36}},"type":"cond-expr","locations":[{"start":{"line":104,"column":28},"end":{"line":104,"column":30}},{"start":{"line":104,"column":28},"end":{"line":104,"column":36}}]},"23":{"loc":{"start":{"line":104,"column":14},"end":{"line":104,"column":30}},"type":"binary-expr","locations":[{"start":{"line":104,"column":14},"end":{"line":104,"column":30}},{"start":{"line":104,"column":28},"end":{"line":104,"column":30}}]},"24":{"loc":{"start":{"line":105,"column":13},"end":{"line":105,"column":67}},"type":"binary-expr","locations":[{"start":{"line":105,"column":13},"end":{"line":105,"column":42}},{"start":{"line":105,"column":46},"end":{"line":105,"column":67}}]},"25":{"loc":{"start":{"line":105,"column":13},"end":{"line":105,"column":42}},"type":"cond-expr","locations":[{"start":{"line":105,"column":33},"end":{"line":105,"column":35}},{"start":{"line":105,"column":33},"end":{"line":105,"column":42}}]},"26":{"loc":{"start":{"line":105,"column":13},"end":{"line":105,"column":35}},"type":"binary-expr","locations":[{"start":{"line":105,"column":13},"end":{"line":105,"column":35}},{"start":{"line":105,"column":33},"end":{"line":105,"column":35}}]},"27":{"loc":{"start":{"line":105,"column":13},"end":{"line":105,"column":33}},"type":"cond-expr","locations":[{"start":{"line":105,"column":27},"end":{"line":105,"column":29}},{"start":{"line":105,"column":27},"end":{"line":105,"column":33}}]},"28":{"loc":{"start":{"line":105,"column":13},"end":{"line":105,"column":29}},"type":"binary-expr","locations":[{"start":{"line":105,"column":13},"end":{"line":105,"column":29}},{"start":{"line":105,"column":27},"end":{"line":105,"column":29}}]},"29":{"loc":{"start":{"line":106,"column":11},"end":{"line":106,"column":56}},"type":"binary-expr","locations":[{"start":{"line":106,"column":11},"end":{"line":106,"column":39}},{"start":{"line":106,"column":43},"end":{"line":106,"column":56}}]},"30":{"loc":{"start":{"line":106,"column":11},"end":{"line":106,"column":39}},"type":"cond-expr","locations":[{"start":{"line":106,"column":31},"end":{"line":106,"column":33}},{"start":{"line":106,"column":31},"end":{"line":106,"column":39}}]},"31":{"loc":{"start":{"line":106,"column":11},"end":{"line":106,"column":33}},"type":"binary-expr","locations":[{"start":{"line":106,"column":11},"end":{"line":106,"column":33}},{"start":{"line":106,"column":31},"end":{"line":106,"column":33}}]},"32":{"loc":{"start":{"line":106,"column":11},"end":{"line":106,"column":31}},"type":"cond-expr","locations":[{"start":{"line":106,"column":25},"end":{"line":106,"column":27}},{"start":{"line":106,"column":25},"end":{"line":106,"column":31}}]},"33":{"loc":{"start":{"line":106,"column":11},"end":{"line":106,"column":27}},"type":"binary-expr","locations":[{"start":{"line":106,"column":11},"end":{"line":106,"column":27}},{"start":{"line":106,"column":25},"end":{"line":106,"column":27}}]},"34":{"loc":{"start":{"line":119,"column":3},"end":{"line":122,"column":4}},"type":"if","locations":[{"start":{"line":119,"column":3},"end":{"line":122,"column":4}}]},"35":{"loc":{"start":{"line":119,"column":7},"end":{"line":119,"column":53}},"type":"binary-expr","locations":[{"start":{"line":119,"column":7},"end":{"line":119,"column":24}},{"start":{"line":119,"column":24},"end":{"line":119,"column":53}}]},"36":{"loc":{"start":{"line":119,"column":8},"end":{"line":119,"column":20}},"type":"cond-expr","locations":[{"start":{"line":119,"column":16},"end":{"line":119,"column":18}},{"start":{"line":119,"column":16},"end":{"line":119,"column":20}}]},"37":{"loc":{"start":{"line":119,"column":8},"end":{"line":119,"column":18}},"type":"binary-expr","locations":[{"start":{"line":119,"column":8},"end":{"line":119,"column":18}},{"start":{"line":119,"column":16},"end":{"line":119,"column":18}}]},"38":{"loc":{"start":{"line":131,"column":4},"end":{"line":131,"column":41}},"type":"binary-expr","locations":[{"start":{"line":131,"column":4},"end":{"line":131,"column":24}},{"start":{"line":131,"column":28},"end":{"line":131,"column":41}}]},"39":{"loc":{"start":{"line":131,"column":4},"end":{"line":131,"column":24}},"type":"cond-expr","locations":[{"start":{"line":131,"column":18},"end":{"line":131,"column":20}},{"start":{"line":131,"column":18},"end":{"line":131,"column":24}}]},"40":{"loc":{"start":{"line":131,"column":4},"end":{"line":131,"column":20}},"type":"binary-expr","locations":[{"start":{"line":131,"column":4},"end":{"line":131,"column":20}},{"start":{"line":131,"column":18},"end":{"line":131,"column":20}}]},"41":{"loc":{"start":{"line":133,"column":14},"end":{"line":133,"column":43}},"type":"binary-expr","locations":[{"start":{"line":133,"column":14},"end":{"line":133,"column":36}},{"start":{"line":133,"column":40},"end":{"line":133,"column":43}}]},"42":{"loc":{"start":{"line":133,"column":14},"end":{"line":133,"column":36}},"type":"cond-expr","locations":[{"start":{"line":133,"column":28},"end":{"line":133,"column":30}},{"start":{"line":133,"column":28},"end":{"line":133,"column":36}}]},"43":{"loc":{"start":{"line":133,"column":14},"end":{"line":133,"column":30}},"type":"binary-expr","locations":[{"start":{"line":133,"column":14},"end":{"line":133,"column":30}},{"start":{"line":133,"column":28},"end":{"line":133,"column":30}}]},"44":{"loc":{"start":{"line":134,"column":13},"end":{"line":134,"column":62}},"type":"binary-expr","locations":[{"start":{"line":134,"column":13},"end":{"line":134,"column":42}},{"start":{"line":134,"column":46},"end":{"line":134,"column":62}}]},"45":{"loc":{"start":{"line":134,"column":13},"end":{"line":134,"column":42}},"type":"cond-expr","locations":[{"start":{"line":134,"column":33},"end":{"line":134,"column":35}},{"start":{"line":134,"column":33},"end":{"line":134,"column":42}}]},"46":{"loc":{"start":{"line":134,"column":13},"end":{"line":134,"column":35}},"type":"binary-expr","locations":[{"start":{"line":134,"column":13},"end":{"line":134,"column":35}},{"start":{"line":134,"column":33},"end":{"line":134,"column":35}}]},"47":{"loc":{"start":{"line":134,"column":13},"end":{"line":134,"column":33}},"type":"cond-expr","locations":[{"start":{"line":134,"column":27},"end":{"line":134,"column":29}},{"start":{"line":134,"column":27},"end":{"line":134,"column":33}}]},"48":{"loc":{"start":{"line":134,"column":13},"end":{"line":134,"column":29}},"type":"binary-expr","locations":[{"start":{"line":134,"column":13},"end":{"line":134,"column":29}},{"start":{"line":134,"column":27},"end":{"line":134,"column":29}}]},"49":{"loc":{"start":{"line":135,"column":11},"end":{"line":135,"column":56}},"type":"binary-expr","locations":[{"start":{"line":135,"column":11},"end":{"line":135,"column":39}},{"start":{"line":135,"column":43},"end":{"line":135,"column":56}}]},"50":{"loc":{"start":{"line":135,"column":11},"end":{"line":135,"column":39}},"type":"cond-expr","locations":[{"start":{"line":135,"column":31},"end":{"line":135,"column":33}},{"start":{"line":135,"column":31},"end":{"line":135,"column":39}}]},"51":{"loc":{"start":{"line":135,"column":11},"end":{"line":135,"column":33}},"type":"binary-expr","locations":[{"start":{"line":135,"column":11},"end":{"line":135,"column":33}},{"start":{"line":135,"column":31},"end":{"line":135,"column":33}}]},"52":{"loc":{"start":{"line":135,"column":11},"end":{"line":135,"column":31}},"type":"cond-expr","locations":[{"start":{"line":135,"column":25},"end":{"line":135,"column":27}},{"start":{"line":135,"column":25},"end":{"line":135,"column":31}}]},"53":{"loc":{"start":{"line":135,"column":11},"end":{"line":135,"column":27}},"type":"binary-expr","locations":[{"start":{"line":135,"column":11},"end":{"line":135,"column":27}},{"start":{"line":135,"column":25},"end":{"line":135,"column":27}}]},"54":{"loc":{"start":{"line":154,"column":2},"end":{"line":157,"column":3}},"type":"if","locations":[{"start":{"line":154,"column":2},"end":{"line":157,"column":3}}]},"55":{"loc":{"start":{"line":166,"column":3},"end":{"line":169,"column":4}},"type":"if","locations":[{"start":{"line":166,"column":3},"end":{"line":169,"column":4}}]},"56":{"loc":{"start":{"line":166,"column":7},"end":{"line":166,"column":19}},"type":"cond-expr","locations":[{"start":{"line":166,"column":15},"end":{"line":166,"column":17}},{"start":{"line":166,"column":15},"end":{"line":166,"column":19}}]},"57":{"loc":{"start":{"line":166,"column":7},"end":{"line":166,"column":17}},"type":"binary-expr","locations":[{"start":{"line":166,"column":7},"end":{"line":166,"column":17}},{"start":{"line":166,"column":15},"end":{"line":166,"column":17}}]},"58":{"loc":{"start":{"line":179,"column":4},"end":{"line":179,"column":41}},"type":"binary-expr","locations":[{"start":{"line":179,"column":4},"end":{"line":179,"column":24}},{"start":{"line":179,"column":28},"end":{"line":179,"column":41}}]},"59":{"loc":{"start":{"line":179,"column":4},"end":{"line":179,"column":24}},"type":"cond-expr","locations":[{"start":{"line":179,"column":18},"end":{"line":179,"column":20}},{"start":{"line":179,"column":18},"end":{"line":179,"column":24}}]},"60":{"loc":{"start":{"line":179,"column":4},"end":{"line":179,"column":20}},"type":"binary-expr","locations":[{"start":{"line":179,"column":4},"end":{"line":179,"column":20}},{"start":{"line":179,"column":18},"end":{"line":179,"column":20}}]},"61":{"loc":{"start":{"line":182,"column":14},"end":{"line":182,"column":43}},"type":"binary-expr","locations":[{"start":{"line":182,"column":14},"end":{"line":182,"column":36}},{"start":{"line":182,"column":40},"end":{"line":182,"column":43}}]},"62":{"loc":{"start":{"line":182,"column":14},"end":{"line":182,"column":36}},"type":"cond-expr","locations":[{"start":{"line":182,"column":28},"end":{"line":182,"column":30}},{"start":{"line":182,"column":28},"end":{"line":182,"column":36}}]},"63":{"loc":{"start":{"line":182,"column":14},"end":{"line":182,"column":30}},"type":"binary-expr","locations":[{"start":{"line":182,"column":14},"end":{"line":182,"column":30}},{"start":{"line":182,"column":28},"end":{"line":182,"column":30}}]},"64":{"loc":{"start":{"line":184,"column":5},"end":{"line":185,"column":35}},"type":"binary-expr","locations":[{"start":{"line":184,"column":5},"end":{"line":184,"column":34}},{"start":{"line":185,"column":5},"end":{"line":185,"column":35}}]},"65":{"loc":{"start":{"line":184,"column":5},"end":{"line":184,"column":34}},"type":"cond-expr","locations":[{"start":{"line":184,"column":25},"end":{"line":184,"column":27}},{"start":{"line":184,"column":25},"end":{"line":184,"column":34}}]},"66":{"loc":{"start":{"line":184,"column":5},"end":{"line":184,"column":27}},"type":"binary-expr","locations":[{"start":{"line":184,"column":5},"end":{"line":184,"column":27}},{"start":{"line":184,"column":25},"end":{"line":184,"column":27}}]},"67":{"loc":{"start":{"line":184,"column":5},"end":{"line":184,"column":25}},"type":"cond-expr","locations":[{"start":{"line":184,"column":19},"end":{"line":184,"column":21}},{"start":{"line":184,"column":19},"end":{"line":184,"column":25}}]},"68":{"loc":{"start":{"line":184,"column":5},"end":{"line":184,"column":21}},"type":"binary-expr","locations":[{"start":{"line":184,"column":5},"end":{"line":184,"column":21}},{"start":{"line":184,"column":19},"end":{"line":184,"column":21}}]},"69":{"loc":{"start":{"line":186,"column":11},"end":{"line":186,"column":56}},"type":"binary-expr","locations":[{"start":{"line":186,"column":11},"end":{"line":186,"column":39}},{"start":{"line":186,"column":43},"end":{"line":186,"column":56}}]},"70":{"loc":{"start":{"line":186,"column":11},"end":{"line":186,"column":39}},"type":"cond-expr","locations":[{"start":{"line":186,"column":31},"end":{"line":186,"column":33}},{"start":{"line":186,"column":31},"end":{"line":186,"column":39}}]},"71":{"loc":{"start":{"line":186,"column":11},"end":{"line":186,"column":33}},"type":"binary-expr","locations":[{"start":{"line":186,"column":11},"end":{"line":186,"column":33}},{"start":{"line":186,"column":31},"end":{"line":186,"column":33}}]},"72":{"loc":{"start":{"line":186,"column":11},"end":{"line":186,"column":31}},"type":"cond-expr","locations":[{"start":{"line":186,"column":25},"end":{"line":186,"column":27}},{"start":{"line":186,"column":25},"end":{"line":186,"column":31}}]},"73":{"loc":{"start":{"line":186,"column":11},"end":{"line":186,"column":27}},"type":"binary-expr","locations":[{"start":{"line":186,"column":11},"end":{"line":186,"column":27}},{"start":{"line":186,"column":25},"end":{"line":186,"column":27}}]},"74":{"loc":{"start":{"line":199,"column":3},"end":{"line":202,"column":4}},"type":"if","locations":[{"start":{"line":199,"column":3},"end":{"line":202,"column":4}}]},"75":{"loc":{"start":{"line":199,"column":7},"end":{"line":199,"column":19}},"type":"cond-expr","locations":[{"start":{"line":199,"column":15},"end":{"line":199,"column":17}},{"start":{"line":199,"column":15},"end":{"line":199,"column":19}}]},"76":{"loc":{"start":{"line":199,"column":7},"end":{"line":199,"column":17}},"type":"binary-expr","locations":[{"start":{"line":199,"column":7},"end":{"line":199,"column":17}},{"start":{"line":199,"column":15},"end":{"line":199,"column":17}}]},"77":{"loc":{"start":{"line":213,"column":4},"end":{"line":213,"column":41}},"type":"binary-expr","locations":[{"start":{"line":213,"column":4},"end":{"line":213,"column":24}},{"start":{"line":213,"column":28},"end":{"line":213,"column":41}}]},"78":{"loc":{"start":{"line":213,"column":4},"end":{"line":213,"column":24}},"type":"cond-expr","locations":[{"start":{"line":213,"column":18},"end":{"line":213,"column":20}},{"start":{"line":213,"column":18},"end":{"line":213,"column":24}}]},"79":{"loc":{"start":{"line":213,"column":4},"end":{"line":213,"column":20}},"type":"binary-expr","locations":[{"start":{"line":213,"column":4},"end":{"line":213,"column":20}},{"start":{"line":213,"column":18},"end":{"line":213,"column":20}}]},"80":{"loc":{"start":{"line":216,"column":14},"end":{"line":216,"column":43}},"type":"binary-expr","locations":[{"start":{"line":216,"column":14},"end":{"line":216,"column":36}},{"start":{"line":216,"column":40},"end":{"line":216,"column":43}}]},"81":{"loc":{"start":{"line":216,"column":14},"end":{"line":216,"column":36}},"type":"cond-expr","locations":[{"start":{"line":216,"column":28},"end":{"line":216,"column":30}},{"start":{"line":216,"column":28},"end":{"line":216,"column":36}}]},"82":{"loc":{"start":{"line":216,"column":14},"end":{"line":216,"column":30}},"type":"binary-expr","locations":[{"start":{"line":216,"column":14},"end":{"line":216,"column":30}},{"start":{"line":216,"column":28},"end":{"line":216,"column":30}}]},"83":{"loc":{"start":{"line":218,"column":5},"end":{"line":218,"column":61}},"type":"binary-expr","locations":[{"start":{"line":218,"column":5},"end":{"line":218,"column":34}},{"start":{"line":218,"column":38},"end":{"line":218,"column":61}}]},"84":{"loc":{"start":{"line":218,"column":5},"end":{"line":218,"column":34}},"type":"cond-expr","locations":[{"start":{"line":218,"column":25},"end":{"line":218,"column":27}},{"start":{"line":218,"column":25},"end":{"line":218,"column":34}}]},"85":{"loc":{"start":{"line":218,"column":5},"end":{"line":218,"column":27}},"type":"binary-expr","locations":[{"start":{"line":218,"column":5},"end":{"line":218,"column":27}},{"start":{"line":218,"column":25},"end":{"line":218,"column":27}}]},"86":{"loc":{"start":{"line":218,"column":5},"end":{"line":218,"column":25}},"type":"cond-expr","locations":[{"start":{"line":218,"column":19},"end":{"line":218,"column":21}},{"start":{"line":218,"column":19},"end":{"line":218,"column":25}}]},"87":{"loc":{"start":{"line":218,"column":5},"end":{"line":218,"column":21}},"type":"binary-expr","locations":[{"start":{"line":218,"column":5},"end":{"line":218,"column":21}},{"start":{"line":218,"column":19},"end":{"line":218,"column":21}}]},"88":{"loc":{"start":{"line":219,"column":11},"end":{"line":219,"column":56}},"type":"binary-expr","locations":[{"start":{"line":219,"column":11},"end":{"line":219,"column":39}},{"start":{"line":219,"column":43},"end":{"line":219,"column":56}}]},"89":{"loc":{"start":{"line":219,"column":11},"end":{"line":219,"column":39}},"type":"cond-expr","locations":[{"start":{"line":219,"column":31},"end":{"line":219,"column":33}},{"start":{"line":219,"column":31},"end":{"line":219,"column":39}}]},"90":{"loc":{"start":{"line":219,"column":11},"end":{"line":219,"column":33}},"type":"binary-expr","locations":[{"start":{"line":219,"column":11},"end":{"line":219,"column":33}},{"start":{"line":219,"column":31},"end":{"line":219,"column":33}}]},"91":{"loc":{"start":{"line":219,"column":11},"end":{"line":219,"column":31}},"type":"cond-expr","locations":[{"start":{"line":219,"column":25},"end":{"line":219,"column":27}},{"start":{"line":219,"column":25},"end":{"line":219,"column":31}}]},"92":{"loc":{"start":{"line":219,"column":11},"end":{"line":219,"column":27}},"type":"binary-expr","locations":[{"start":{"line":219,"column":11},"end":{"line":219,"column":27}},{"start":{"line":219,"column":25},"end":{"line":219,"column":27}}]}},"s":{"0":1,"1":1,"2":1,"3":26,"4":4,"5":4,"6":1,"7":1,"8":3,"9":3,"10":1,"11":2,"12":2,"13":5,"14":5,"15":1,"16":1,"17":4,"18":4,"19":1,"20":3,"21":3,"22":5,"23":5,"24":2,"25":2,"26":3,"27":1,"28":2,"29":2,"30":1,"31":5,"32":5,"33":1,"34":1,"35":4,"36":4,"37":3,"38":2,"39":2,"40":1,"41":1,"42":1,"43":6,"44":6,"45":2,"46":2,"47":4,"48":1,"49":3,"50":3,"51":1},"f":{"0":26,"1":4,"2":5,"3":5,"4":1,"5":5,"6":6},"b":{"0":[1],"1":[2,1],"2":[1,1],"3":[2,2],"4":[2,1],"5":[1,1],"6":[2,2],"7":[2,1],"8":[1,1],"9":[2,2],"10":[1,1],"11":[2,2],"12":[2,1],"13":[1,1],"14":[2,2],"15":[1,1],"16":[2,2],"17":[1],"18":[3,1],"19":[1,2],"20":[3,3],"21":[3,1],"22":[1,2],"23":[3,3],"24":[3,1],"25":[1,2],"26":[3,3],"27":[1,2],"28":[3,3],"29":[3,2],"30":[1,2],"31":[3,3],"32":[1,2],"33":[3,3],"34":[2],"35":[5,4],"36":[1,4],"37":[5,5],"38":[2,1],"39":[1,1],"40":[2,2],"41":[2,1],"42":[1,1],"43":[2,2],"44":[2,1],"45":[1,1],"46":[2,2],"47":[1,1],"48":[2,2],"49":[2,1],"50":[1,1],"51":[2,2],"52":[1,1],"53":[2,2],"54":[1],"55":[2],"56":[1,2],"57":[3,3],"58":[1,1],"59":[1,0],"60":[1,1],"61":[1,1],"62":[1,0],"63":[1,1],"64":[1,1],"65":[1,0],"66":[1,1],"67":[1,0],"68":[1,1],"69":[1,1],"70":[1,0],"71":[1,1],"72":[1,0],"73":[1,1],"74":[2],"75":[1,5],"76":[6,6],"77":[3,1],"78":[1,2],"79":[3,3],"80":[3,1],"81":[1,2],"82":[3,3],"83":[3,2],"84":[1,2],"85":[3,3],"86":[1,2],"87":[3,3],"88":[3,2],"89":[1,2],"90":[3,3],"91":[1,2],"92":[3,3]}}
}
