TN:
SF:src\config\config.ts
FNF:0
FNH:0
DA:1,4
DA:3,4
DA:9,4
DA:10,4
DA:11,4
DA:12,4
DA:21,4
LF:7
LH:7
BRDA:5,0,0,4
BRDA:5,0,1,1
BRDA:9,1,0,3
BRDA:9,1,1,1
BRDA:9,2,0,4
BRDA:9,2,1,4
BRDA:10,3,0,2
BRDA:10,3,1,2
BRDA:10,4,0,4
BRDA:10,4,1,4
BRDA:11,5,0,2
BRDA:11,5,1,2
BRDA:11,6,0,4
BRDA:11,6,1,4
BRDA:12,7,0,2
BRDA:12,7,1,2
BRDA:12,8,0,4
BRDA:12,8,1,4
BRF:18
BRH:18
end_of_record
TN:
SF:src\controllers\userController.ts
FN:36,(anonymous_8)
FN:41,(anonymous_9)
FN:77,(anonymous_11)
FN:112,(anonymous_13)
FN:141,(anonymous_15)
FN:147,(anonymous_16)
FN:192,(anonymous_18)
FNF:7
FNH:7
FNDA:26,(anonymous_8)
FNDA:4,(anonymous_9)
FNDA:5,(anonymous_11)
FNDA:5,(anonymous_13)
FNDA:1,(anonymous_15)
FNDA:5,(anonymous_16)
FNDA:6,(anonymous_18)
DA:2,1
DA:3,1
DA:4,1
DA:36,1
DA:38,26
DA:47,4
DA:48,4
DA:49,1
DA:50,1
DA:53,3
DA:55,3
DA:60,1
DA:63,2
DA:68,2
DA:83,5
DA:84,5
DA:85,1
DA:86,1
DA:89,4
DA:91,4
DA:96,1
DA:99,3
DA:104,3
DA:117,5
DA:119,5
DA:120,2
DA:121,2
DA:124,3
DA:127,1
DA:129,2
DA:133,2
DA:143,1
DA:153,5
DA:154,5
DA:155,1
DA:156,1
DA:159,4
DA:161,4
DA:166,3
DA:167,2
DA:168,2
DA:171,1
DA:177,1
DA:182,1
DA:197,6
DA:199,6
DA:200,2
DA:201,2
DA:204,4
DA:208,1
DA:211,3
DA:216,3
LF:52
LH:52
BRDA:48,0,0,1
BRDA:65,1,0,2
BRDA:65,1,1,1
BRDA:65,2,0,1
BRDA:65,2,1,1
BRDA:65,3,0,2
BRDA:65,3,1,2
BRDA:68,4,0,2
BRDA:68,4,1,1
BRDA:68,5,0,1
BRDA:68,5,1,1
BRDA:68,6,0,2
BRDA:68,6,1,2
BRDA:70,7,0,2
BRDA:70,7,1,1
BRDA:70,8,0,1
BRDA:70,8,1,1
BRDA:70,9,0,2
BRDA:70,9,1,2
BRDA:70,10,0,1
BRDA:70,10,1,1
BRDA:70,11,0,2
BRDA:70,11,1,2
BRDA:71,12,0,2
BRDA:71,12,1,1
BRDA:71,13,0,1
BRDA:71,13,1,1
BRDA:71,14,0,2
BRDA:71,14,1,2
BRDA:71,15,0,1
BRDA:71,15,1,1
BRDA:71,16,0,2
BRDA:71,16,1,2
BRDA:84,17,0,1
BRDA:101,18,0,3
BRDA:101,18,1,1
BRDA:101,19,0,1
BRDA:101,19,1,2
BRDA:101,20,0,3
BRDA:101,20,1,3
BRDA:104,21,0,3
BRDA:104,21,1,1
BRDA:104,22,0,1
BRDA:104,22,1,2
BRDA:104,23,0,3
BRDA:104,23,1,3
BRDA:105,24,0,3
BRDA:105,24,1,1
BRDA:105,25,0,1
BRDA:105,25,1,2
BRDA:105,26,0,3
BRDA:105,26,1,3
BRDA:105,27,0,1
BRDA:105,27,1,2
BRDA:105,28,0,3
BRDA:105,28,1,3
BRDA:106,29,0,3
BRDA:106,29,1,2
BRDA:106,30,0,1
BRDA:106,30,1,2
BRDA:106,31,0,3
BRDA:106,31,1,3
BRDA:106,32,0,1
BRDA:106,32,1,2
BRDA:106,33,0,3
BRDA:106,33,1,3
BRDA:119,34,0,2
BRDA:119,35,0,5
BRDA:119,35,1,4
BRDA:119,36,0,1
BRDA:119,36,1,4
BRDA:119,37,0,5
BRDA:119,37,1,5
BRDA:131,38,0,2
BRDA:131,38,1,1
BRDA:131,39,0,1
BRDA:131,39,1,1
BRDA:131,40,0,2
BRDA:131,40,1,2
BRDA:133,41,0,2
BRDA:133,41,1,1
BRDA:133,42,0,1
BRDA:133,42,1,1
BRDA:133,43,0,2
BRDA:133,43,1,2
BRDA:134,44,0,2
BRDA:134,44,1,1
BRDA:134,45,0,1
BRDA:134,45,1,1
BRDA:134,46,0,2
BRDA:134,46,1,2
BRDA:134,47,0,1
BRDA:134,47,1,1
BRDA:134,48,0,2
BRDA:134,48,1,2
BRDA:135,49,0,2
BRDA:135,49,1,1
BRDA:135,50,0,1
BRDA:135,50,1,1
BRDA:135,51,0,2
BRDA:135,51,1,2
BRDA:135,52,0,1
BRDA:135,52,1,1
BRDA:135,53,0,2
BRDA:135,53,1,2
BRDA:154,54,0,1
BRDA:166,55,0,2
BRDA:166,56,0,1
BRDA:166,56,1,2
BRDA:166,57,0,3
BRDA:166,57,1,3
BRDA:179,58,0,1
BRDA:179,58,1,1
BRDA:179,59,0,1
BRDA:179,59,1,0
BRDA:179,60,0,1
BRDA:179,60,1,1
BRDA:182,61,0,1
BRDA:182,61,1,1
BRDA:182,62,0,1
BRDA:182,62,1,0
BRDA:182,63,0,1
BRDA:182,63,1,1
BRDA:184,64,0,1
BRDA:184,64,1,1
BRDA:184,65,0,1
BRDA:184,65,1,0
BRDA:184,66,0,1
BRDA:184,66,1,1
BRDA:184,67,0,1
BRDA:184,67,1,0
BRDA:184,68,0,1
BRDA:184,68,1,1
BRDA:186,69,0,1
BRDA:186,69,1,1
BRDA:186,70,0,1
BRDA:186,70,1,0
BRDA:186,71,0,1
BRDA:186,71,1,1
BRDA:186,72,0,1
BRDA:186,72,1,0
BRDA:186,73,0,1
BRDA:186,73,1,1
BRDA:199,74,0,2
BRDA:199,75,0,1
BRDA:199,75,1,5
BRDA:199,76,0,6
BRDA:199,76,1,6
BRDA:213,77,0,3
BRDA:213,77,1,1
BRDA:213,78,0,1
BRDA:213,78,1,2
BRDA:213,79,0,3
BRDA:213,79,1,3
BRDA:216,80,0,3
BRDA:216,80,1,1
BRDA:216,81,0,1
BRDA:216,81,1,2
BRDA:216,82,0,3
BRDA:216,82,1,3
BRDA:218,83,0,3
BRDA:218,83,1,2
BRDA:218,84,0,1
BRDA:218,84,1,2
BRDA:218,85,0,3
BRDA:218,85,1,3
BRDA:218,86,0,1
BRDA:218,86,1,2
BRDA:218,87,0,3
BRDA:218,87,1,3
BRDA:219,88,0,3
BRDA:219,88,1,2
BRDA:219,89,0,1
BRDA:219,89,1,2
BRDA:219,90,0,3
BRDA:219,90,1,3
BRDA:219,91,0,1
BRDA:219,91,1,2
BRDA:219,92,0,3
BRDA:219,92,1,3
BRF:180
BRH:174
end_of_record
